  ANDROID_HOME=C:\ProgramData\Microsoft\AndroidSDK\25
  ANT_HOME=C:\Program Files (x86)\Microsoft Visual Studio\2017\Community\Apps\apache-ant-1.9.3
  JAVA_HOME=C:\Program Files\Android\jdk\microsoft_dist_openjdk_1.8.0.25
  NDK_ROOT=C:\\Microsoft\AndroidNDK64\android-ndk-r15c
  pch.h
  ObjectMarker.cpp
  Terrain.cpp
  ObjectGenerator.cpp
  PerlinNoise.cpp
  RandomWalk.cpp
  TextureCalculator.cpp
  Vector3.cpp
  Water.cpp
  android_native_app_glue.c
  main.cpp
main.cpp(292,6): warning : unused variable 'direction' [-Wunused-variable]
          int direction = 0;
              ^
main.cpp(295,7): warning : unused variable 'right' [-Wunused-variable]
          bool right = true;
               ^
main.cpp(290,8): warning : unused variable 'cameraX' [-Wunused-variable]
          float cameraX = -3.0;
                ^
main.cpp(291,8): warning : unused variable 'cameraZ' [-Wunused-variable]
          float cameraZ = -5.0;
                ^
main.cpp(294,7): warning : unused variable 'forward' [-Wunused-variable]
          bool forward = true;
               ^
main.cpp(293,8): warning : unused variable 'nextZ' [-Wunused-variable]
          float nextZ = 0.235;
                ^
  6 warnings generated.
  DroidGen.Android.NativeActivity.vcxproj -> C:\Users\User\Documents\CurrentModules\Honours Project\DroidGen\ARM\Debug\libDroidGen.so
